d:\develop\co-design-core\core-clientandroid\helloworld\tegra-android\debug\libs\armeabi-v7a\libhelloworld.so
d:\develop\co-design-core\core-clientandroid\helloworld\tegra-android\debug\libs\armeabi-v7a\gdbserver
d:\develop\co-design-core\tegra-android\debug\libhelloworld.so
d:\develop\co-design-core\core-clientandroid\helloworld\tegra-android\debug\connectionbaseandroid.o
d:\develop\co-design-core\core-clientandroid\helloworld\tegra-android\debug\hellojni.o
d:\develop\co-design-core\core-clientandroid\helloworld\tegra-android\debug\listeningandroidclient.o
d:\develop\co-design-core\core-clientandroid\helloworld\tegra-android\debug\ant.config.cache
d:\develop\co-design-core\core-clientandroid\helloworld\tegra-android\debug\ant.command.1.tlog
d:\develop\co-design-core\core-clientandroid\helloworld\tegra-android\debug\ant.write.1.tlog
d:\develop\co-design-core\core-clientandroid\helloworld\tegra-android\debug\ant_log.xml
d:\develop\co-design-core\core-clientandroid\helloworld\tegra-android\debug\nsight_tegra_build.xml
d:\develop\co-design-core\core-clientandroid\helloworld\tegra-android\debug\nsight_tegra_manifest.xml
d:\develop\co-design-core\core-clientandroid\..\tegra-android\debug\libhelloworld.so
d:\develop\co-design-core\core-clientandroid\helloworld\tegra-android\debug\helloworld.tlog\arm-linux-androideabi-g++-collect2.read.1.tlog
d:\develop\co-design-core\core-clientandroid\helloworld\tegra-android\debug\helloworld.tlog\arm-linux-androideabi-g++-collect2.write.1.tlog
d:\develop\co-design-core\core-clientandroid\helloworld\tegra-android\debug\helloworld.tlog\arm-linux-androideabi-g++-link.command.1.tlog
d:\develop\co-design-core\core-clientandroid\helloworld\tegra-android\debug\helloworld.tlog\arm-linux-androideabi-g++.compile.command.1.tlog
d:\develop\co-design-core\core-clientandroid\helloworld\tegra-android\debug\helloworld.tlog\arm-linux-androideabi-g++.compile.read.1.tlog
d:\develop\co-design-core\core-clientandroid\helloworld\tegra-android\debug\helloworld.tlog\arm-linux-androideabi-g++.compile.write.1.tlog
d:\develop\co-design-core\core-clientandroid\helloworld\tegra-android\debug\helloworld.tlog\arm-linux-androideabi-g++.read.1.tlog
d:\develop\co-design-core\core-clientandroid\helloworld\tegra-android\debug\helloworld.tlog\arm-linux-androideabi-g++.write.1.tlog
