Performing C SOURCE FILE Test CMAKE_HAVE_LIBC_PTHREAD failed with the following output:
Change Dir: /home/li/dev/co-design-core-add-hololens/clion-client/cmake-build-debug/CMakeFiles/CMakeTmp

Run Build Command(s):/usr/bin/make cmTC_ed675/fast && /usr/bin/make  -f CMakeFiles/cmTC_ed675.dir/build.make CMakeFiles/cmTC_ed675.dir/build
make[1]: Entering directory '/home/li/dev/co-design-core-add-hololens/clion-client/cmake-build-debug/CMakeFiles/CMakeTmp'
Building C object CMakeFiles/cmTC_ed675.dir/src.c.o
/usr/bin/cc   -DCMAKE_HAVE_LIBC_PTHREAD   -o CMakeFiles/cmTC_ed675.dir/src.c.o   -c /home/li/dev/co-design-core-add-hololens/clion-client/cmake-build-debug/CMakeFiles/CMakeTmp/src.c
Linking C executable cmTC_ed675
/snap/clion/129/bin/cmake/linux/bin/cmake -E cmake_link_script CMakeFiles/cmTC_ed675.dir/link.txt --verbose=1
/usr/bin/cc  -DCMAKE_HAVE_LIBC_PTHREAD    CMakeFiles/cmTC_ed675.dir/src.c.o  -o cmTC_ed675 
CMakeFiles/cmTC_ed675.dir/src.c.o: In function `main':
src.c:(.text+0x3e): undefined reference to `pthread_create'
src.c:(.text+0x4a): undefined reference to `pthread_detach'
src.c:(.text+0x56): undefined reference to `pthread_cancel'
src.c:(.text+0x67): undefined reference to `pthread_join'
src.c:(.text+0x7b): undefined reference to `pthread_atfork'
collect2: error: ld returned 1 exit status
CMakeFiles/cmTC_ed675.dir/build.make:106: recipe for target 'cmTC_ed675' failed
make[1]: *** [cmTC_ed675] Error 1
make[1]: Leaving directory '/home/li/dev/co-design-core-add-hololens/clion-client/cmake-build-debug/CMakeFiles/CMakeTmp'
Makefile:141: recipe for target 'cmTC_ed675/fast' failed
make: *** [cmTC_ed675/fast] Error 2


Source file was:
#include <pthread.h>

void* test_func(void* data)
{
  return data;
}

int main(void)
{
  pthread_t thread;
  pthread_create(&thread, NULL, test_func, NULL);
  pthread_detach(thread);
  pthread_cancel(thread);
  pthread_join(thread, NULL);
  pthread_atfork(NULL, NULL, NULL);
  pthread_exit(NULL);

  return 0;
}

Determining if the function pthread_create exists in the pthreads failed with the following output:
Change Dir: /home/li/dev/co-design-core-add-hololens/clion-client/cmake-build-debug/CMakeFiles/CMakeTmp

Run Build Command(s):/usr/bin/make cmTC_bf66c/fast && /usr/bin/make  -f CMakeFiles/cmTC_bf66c.dir/build.make CMakeFiles/cmTC_bf66c.dir/build
make[1]: Entering directory '/home/li/dev/co-design-core-add-hololens/clion-client/cmake-build-debug/CMakeFiles/CMakeTmp'
Building C object CMakeFiles/cmTC_bf66c.dir/CheckFunctionExists.c.o
/usr/bin/cc   -DCHECK_FUNCTION_EXISTS=pthread_create   -o CMakeFiles/cmTC_bf66c.dir/CheckFunctionExists.c.o   -c /snap/clion/129/bin/cmake/linux/share/cmake-3.17/Modules/CheckFunctionExists.c
Linking C executable cmTC_bf66c
/snap/clion/129/bin/cmake/linux/bin/cmake -E cmake_link_script CMakeFiles/cmTC_bf66c.dir/link.txt --verbose=1
/usr/bin/cc  -DCHECK_FUNCTION_EXISTS=pthread_create    CMakeFiles/cmTC_bf66c.dir/CheckFunctionExists.c.o  -o cmTC_bf66c  -lpthreads 
/usr/bin/ld: cannot find -lpthreads
collect2: error: ld returned 1 exit status
CMakeFiles/cmTC_bf66c.dir/build.make:106: recipe for target 'cmTC_bf66c' failed
make[1]: *** [cmTC_bf66c] Error 1
make[1]: Leaving directory '/home/li/dev/co-design-core-add-hololens/clion-client/cmake-build-debug/CMakeFiles/CMakeTmp'
Makefile:141: recipe for target 'cmTC_bf66c/fast' failed
make: *** [cmTC_bf66c/fast] Error 2



Determining if the pthread_create exist failed with the following output:
Change Dir: /home/li/dev/co-design-core-add-hololens/clion-client/cmake-build-debug/CMakeFiles/CMakeTmp

Run Build Command:"/usr/bin/make" "cmTC_12775/fast"
/usr/bin/make -f CMakeFiles/cmTC_12775.dir/build.make CMakeFiles/cmTC_12775.dir/build
make[1]: Entering directory '/home/li/dev/co-design-core-add-hololens/clion-client/cmake-build-debug/CMakeFiles/CMakeTmp'
Building C object CMakeFiles/cmTC_12775.dir/CheckSymbolExists.c.o
/usr/bin/cc    -o CMakeFiles/cmTC_12775.dir/CheckSymbolExists.c.o   -c /home/li/dev/co-design-core-add-hololens/clion-client/cmake-build-debug/CMakeFiles/CMakeTmp/CheckSymbolExists.c
Linking C executable cmTC_12775
/usr/bin/cmake -E cmake_link_script CMakeFiles/cmTC_12775.dir/link.txt --verbose=1
/usr/bin/cc      CMakeFiles/cmTC_12775.dir/CheckSymbolExists.c.o  -o cmTC_12775 
CMakeFiles/cmTC_12775.dir/CheckSymbolExists.c.o: In function `main':
CheckSymbolExists.c:(.text+0x1b): undefined reference to `pthread_create'
collect2: error: ld returned 1 exit status
CMakeFiles/cmTC_12775.dir/build.make:97: recipe for target 'cmTC_12775' failed
make[1]: *** [cmTC_12775] Error 1
make[1]: Leaving directory '/home/li/dev/co-design-core-add-hololens/clion-client/cmake-build-debug/CMakeFiles/CMakeTmp'
Makefile:126: recipe for target 'cmTC_12775/fast' failed
make: *** [cmTC_12775/fast] Error 2

File /home/li/dev/co-design-core-add-hololens/clion-client/cmake-build-debug/CMakeFiles/CMakeTmp/CheckSymbolExists.c:
/* */
#include <pthread.h>

int main(int argc, char** argv)
{
  (void)argv;
#ifndef pthread_create
  return ((int*)(&pthread_create))[argc];
#else
  (void)argc;
  return 0;
#endif
}

